Configuring hsparql-0.2.7...
Preprocessing library hsparql-0.2.7...
[1 of 2] Compiling Database.HSparql.QueryGenerator ( Database/HSparql/QueryGenerator.hs, .stack-work/dist/x86_64-linux/Cabal-1.22.5.0/build/Database/HSparql/QueryGenerator.o )

Database/HSparql/QueryGenerator.hs:352:21: Warning:
    Variable ‘a’ is implicitly quantified due to a context
    Use explicit forall syntax instead.
    This will become an error in GHC 7.12.
    In the type ‘(TermLike a) => a -> Expr’
    In the declaration for type synonym ‘BuiltinFunc1’

Database/HSparql/QueryGenerator.hs:356:21: Warning:
    Variable ‘a’ is implicitly quantified due to a context
    Use explicit forall syntax instead.
    This will become an error in GHC 7.12.
    In the type ‘(TermLike a, TermLike b) => a -> b -> Expr’
    In the declaration for type synonym ‘BuiltinFunc2’

Database/HSparql/QueryGenerator.hs:356:21: Warning:
    Variable ‘b’ is implicitly quantified due to a context
    Use explicit forall syntax instead.
    This will become an error in GHC 7.12.
    In the type ‘(TermLike a, TermLike b) => a -> b -> Expr’
    In the declaration for type synonym ‘BuiltinFunc2’
[2 of 2] Compiling Database.HSparql.Connection ( Database/HSparql/Connection.hs, .stack-work/dist/x86_64-linux/Cabal-1.22.5.0/build/Database/HSparql/Connection.o )
In-place registering hsparql-0.2.7...
Installing library in
/usr/haskell/JsonXml/.stack-work/install/x86_64-linux/lts-6.10/7.10.3/lib/x86_64-linux-ghc-7.10.3/hsparql-0.2.7-CPE0UYrhP85AsX7TBDy7jR
Registering hsparql-0.2.7...
